08:38:53.355|Start program
08:38:53.365|Open Administrator UI
08:39:01.445|Load project: ABCd
08:39:26.705|Draw line: LINE1
08:39:37.815|Draw line: LINE1
08:39:42.865|Draw line: LINE1
08:39:45.895|Draw line: LINE1
08:39:48.925|Draw line: LINE1
08:39:50.945|Draw line: LINE1
08:39:53.975|Draw line: LINE1
08:39:57.035|Draw line: LINE1
08:39:59.055|Draw line: LINE1
08:58:55.282|Load project: ABCd
08:59:22.552|Draw line: LINE1
08:59:44.772|Load project: ABCd
08:59:51.842|Draw line: LINE1
09:00:18.102|Draw line: LINE1
09:01:08.602|Load project: ABCd
09:01:24.762|Draw line: LINE1
09:02:27.422|Load project: ABCd
09:03:00.752|Draw line: LINE2
09:03:47.212|Draw line: LINE1
09:03:54.282|Draw line: LINE1
09:04:00.342|Draw line: LINE1
09:04:06.402|Draw line: LINE1
09:04:26.602|Draw line: LINE1
09:04:38.722|Draw line: LINE1
09:04:52.862|Draw line: LINE1
09:05:14.072|Draw line: LINE2
09:05:43.362|Start Auto Run
09:05:43.362|Close program
09:11:15.852|Start program
09:11:15.862|Open Administrator UI
09:11:41.182|Load project: ABCd
09:12:04.412|Draw line: LINE1
09:12:55.922|Draw line: LINE1
09:13:37.332|Draw line: LINE1
09:14:29.883|Draw line: LINE1
09:15:35.184|Draw line: LINE1
09:16:28.714|Draw line: LINE1
09:17:02.044|Draw line: LINE1
09:17:57.589|Draw line: LINE1
09:18:52.123|Draw line: LINE1
09:19:10.363|Draw line: LINE1
09:36:04.394|Start Auto Run
09:36:04.394|Close program
09:38:37.273|Start program
09:38:37.283|Open Administrator UI
09:40:28.383|Load project: ABCd
10:20:07.326|Start Auto Run
10:20:08.336|Close program
10:20:19.226|Start program
10:20:19.236|Open Administrator UI
10:20:33.436|Start Auto Run
10:20:33.436|Close program
10:20:59.566|Start program
10:20:59.566|Open Administrator UI
10:21:11.706|Load project: ABCd
10:23:50.220|Start program
10:23:50.230|Open Administrator UI
10:23:58.310|Load project: ABCd
10:30:00.988|Start program
10:30:00.998|Open Administrator UI
10:30:12.108|Load project: ABCd
10:31:08.668|Start Auto Run
10:31:08.668|Close program
10:50:15.655|Start program
10:50:15.655|Open Administrator UI
10:51:04.530|Load project: ABCd
10:54:34.274|Start Auto Run
10:54:34.274|Close program
10:54:51.654|Start program
10:54:51.654|Open Administrator UI
11:05:17.664|Start program
11:05:17.674|Open Administrator UI
11:05:29.854|Load project: ABCd
11:14:41.296|Start program
11:14:41.306|Open Administrator UI
11:14:51.406|Load project: ABCd
11:17:57.868|Start program
11:17:57.878|Open Administrator UI
11:18:06.968|Load project: ABCd
11:25:40.046|Start program
11:25:40.056|Open Administrator UI
11:25:48.136|Load project: ABCd
11:50:35.682|Start program
11:50:35.692|Open Administrator UI
11:50:44.782|Load project: ABCd
11:53:05.370|Start program
11:53:05.380|Open Administrator UI
11:53:13.470|Load project: ABCd
11:59:48.118|Start program
11:59:48.118|Open Administrator UI
11:59:56.338|Load project: ABCd
13:00:28.181|Start program
13:00:28.191|Open Administrator UI
13:00:36.291|Load project: ABCd
13:00:42.351|Start Auto Run
13:00:42.351|Close program
13:04:15.942|Start program
13:04:15.952|Open Administrator UI
13:04:24.032|Load project: ABCd
13:04:37.162|Start Auto Run
13:04:37.162|Close program
13:06:26.110|Start program
13:06:26.120|Open Administrator UI
13:06:34.200|Load project: ABCd
13:08:49.175|Start program
13:08:49.185|Open Administrator UI
13:08:57.265|Load project: ABCd
13:13:00.196|Start program
13:13:00.206|Open Administrator UI
13:13:34.546|Load project: ABCd
13:15:13.526|Load project: ABCd
13:15:45.846|Load project: ABCd
13:24:34.198|Start program
13:24:34.208|Open Administrator UI
13:24:42.328|Load project: ABCd
13:25:26.758|Load project: ABCd
13:25:53.018|Load project: ABCd
13:26:30.377|Load project: ABCd
13:28:52.776|Start program
13:28:52.786|Open Administrator UI
13:28:59.876|Load project: ABCd
13:29:20.068|Load project: ABCd
13:36:15.112|Start program
13:36:15.112|Open Administrator UI
13:36:23.202|Load project: ABCd
13:38:56.442|Load project: ABCd
13:45:59.673|Load project: ABCd
13:48:25.163|Load project: ABCd
13:48:47.383|Load project: ABCd
13:49:49.065|Load project: ABCd
13:51:27.514|Load project: ABCd
13:54:14.835|Start program
13:54:14.835|Open Administrator UI
13:54:24.955|Load project: ABCd
13:54:47.175|Load project: ABCd
14:07:17.584|Load project: ABCd
14:07:45.864|Load project: ABCd
14:15:28.757|Load project: ABCd
14:15:45.927|Load project: ABCd
14:23:48.245|Load project: ABCd
14:24:25.806|Load project: ABCd
14:25:21.957|Load project: ABCd
14:25:44.122|Load project: ABCd
14:26:20.294|Load project: ABCd
14:27:42.421|Load project: ABCd
14:28:38.811|Load project: ABCd
14:31:05.637|Load project: ABCd
14:31:41.007|Load project: ABCd
14:32:31.507|Load project: ABCd
14:34:45.991|Load project: ABCd
14:38:37.876|Load project: ABCd
14:38:51.006|Load project: ABCd
14:51:29.240|Start program
14:51:29.250|Open Administrator UI
14:51:40.360|Load project: ABCd
14:52:31.870|Load project: ABCd
15:24:31.775|Start program
15:24:31.785|Open Administrator UI
15:25:23.035|Load project: ABCd
15:36:10.138|Start program
15:36:10.148|Open Administrator UI
15:36:18.228|Load project: ABCd
15:36:35.398|Start Auto Run
15:36:35.398|Close program
15:38:05.173|Start program
15:38:05.173|Open Administrator UI
15:38:12.243|Load project: ABCd
15:45:14.735|Start program
15:45:14.745|Open Administrator UI
15:45:44.035|Load project: ABCd
15:46:32.569|Load project: ABCd
15:47:08.929|Load project: ABCd
15:49:18.528|Load project: ABCd
15:55:27.983|Start program
15:55:27.983|Open Administrator UI
15:55:35.073|Load project: ABCd
15:56:07.413|Load project: ABCd
15:56:20.542|Start Auto Run
15:56:20.542|Close program
15:58:05.360|Start program
15:58:05.370|Open Administrator UI
15:58:13.450|Load project: ABCd
16:06:26.420|Load project: ABCd
16:12:26.254|Load project: ABCd
16:14:16.344|Load project: ABCd
16:29:44.599|Start program
16:29:44.599|Open Administrator UI
16:29:53.699|Load project: ABCd
16:40:40.566|Load project: ABCd
16:42:15.506|Load project: ABCd
16:42:48.846|Load project: ABCd
16:43:24.206|Load project: ABCd
16:45:43.611|Load project: ABCd
16:48:53.389|Load project: ABCd
16:50:51.579|Load project: ABCd
16:51:27.999|Load project: ABCd
16:51:49.209|Load project: ABCd
16:52:52.217|Load project: ABCd
18:28:47.149|Load project: ABCd
18:28:59.269|Load project: ABCd
18:29:33.609|Load project: ABCd
18:30:02.029|Load project: ABCd
18:30:27.274|Load project: ABCd
18:30:32.324|Load project: ABCd
18:32:52.382|Load project: ABCd
18:56:02.130|Load project: ABCd
19:09:33.297|Start program
19:09:33.307|Open Administrator UI
19:09:51.019|Start program
19:09:51.029|Open Administrator UI
19:10:02.139|Load project: ABCd
19:24:32.127|Load project: ABCd
19:28:07.726|Load project: ABCd
19:29:20.036|Load project: ABCd
19:31:03.649|Start program
19:31:03.659|Open Administrator UI
19:31:16.789|Load project: ABCd
19:35:56.452|Load project: ABCd
19:36:21.702|Load project: ABCd
19:38:48.136|Load project: ABCd
19:41:22.545|Load project: ABCd
19:41:46.154|Start program
19:41:46.164|Open Administrator UI
19:41:55.254|Load project: ABCd
19:42:38.811|Load project: ABCd
19:42:58.279|Load project: ABCd
19:43:09.389|Load project: ABCd
19:51:23.324|Load project: ABCd
19:51:53.760|Load project: ABCd
19:55:28.527|Load project: ABCd
19:55:41.657|Start Auto Run
19:55:41.657|Close program
19:55:58.931|Start program
19:55:58.941|Open Administrator UI
19:56:18.741|Load project: ABCd
19:56:29.851|Start Auto Run
19:56:29.851|Close program
19:56:39.831|Start program
19:56:39.841|Open Administrator UI
19:56:58.214|Load project: ABCd
19:57:37.589|Start Auto Run
19:57:37.589|Close program
