13:09:16.704|Start program
13:09:16.704|Open Administrator UI
13:12:46.009|Start program
13:12:46.019|Open Administrator UI
13:13:28.459|Start Auto Run
13:13:28.459|Close program
13:14:13.263|Start program
13:14:13.263|Open Administrator UI
13:14:24.383|Start Auto Run
13:14:24.383|Close program
13:15:31.850|Start program
13:15:31.850|Open Administrator UI
13:15:46.060|Start Auto Run
13:15:46.060|Close program
13:32:06.672|Start program
13:32:06.682|Open Administrator UI
13:32:58.336|Start program
13:32:58.346|Open Administrator UI
13:33:11.476|Start Auto Run
13:33:11.476|Close program
13:33:31.628|Start program
13:33:31.635|Open Sen-Ei service UI
13:33:40.711|Start Auto Run
13:33:40.714|Close program
[2021-04-17] 14:00:08.148|Start program
[2021-04-17] 14:00:08.158|Login faild
[2021-04-17] 14:00:08.158|Program closed
14:03:00.334|Start program
14:03:00.344|Open Administrator UI
14:03:25.634|Load project: ABCd
14:03:28.664|Start Auto Run
14:03:32.704|Stop Auto Run
14:03:40.784|Start Auto Run
14:03:40.784|Close program
14:03:51.074|Start program
14:03:51.084|Open Administrator UI
14:04:03.204|Load project: ABCd
14:04:06.234|Start Auto Run
14:04:14.314|Stop Auto Run
14:04:28.454|Start Auto Run
14:04:28.454|Close program
14:07:12.865|Start program
14:07:12.875|Open Administrator UI
14:07:48.455|Start program
14:07:48.455|Open Administrator UI
14:08:03.055|Start Auto Run
14:08:03.055|Close program
15:09:01.316|Start program
15:09:01.316|Open Administrator UI
15:09:15.146|Load project: ABCd
15:09:55.312|Start Auto Run
15:09:56.322|Close program
15:10:06.507|Start program
15:10:06.517|Open Administrator UI
15:10:19.667|Load project: ABCd
15:10:39.927|Start Auto Run
15:10:39.927|Close program
15:15:38.224|Start program
15:15:38.234|Open Administrator UI
15:15:56.414|Start Auto Run
15:15:56.414|Close program
15:20:12.274|Start program
15:20:12.284|Open Administrator UI
15:20:37.534|Load project: ABCd
15:21:00.774|Start Auto Run
15:21:00.774|Close program
15:25:01.819|Start program
15:25:01.829|Open Administrator UI
15:25:12.059|Start Auto Run
15:25:12.059|Close program
15:37:41.253|Start program
15:37:41.263|Open Administrator UI
15:37:58.873|Load project: ABCd
15:40:20.246|Start program
15:40:20.246|Open Administrator UI
15:46:21.945|Start program
15:46:21.952|Open Administrator UI
15:47:00.301|Load project: ABCd
15:49:40.591|Start program
15:49:40.601|Open Administrator UI
15:49:53.751|Load project: ABCd
15:50:25.261|Load project: ABCd
15:50:28.291|Start Auto Run
15:50:28.291|Close program
15:50:35.848|Start program
15:50:35.858|Open Administrator UI
15:51:02.978|Load project: ABCd
15:51:08.028|Start Auto Run
15:51:08.028|Close program
15:51:12.528|Start program
15:51:12.528|Open Administrator UI
15:51:24.648|Load project: ABCd
15:51:28.688|Start Auto Run
15:51:28.688|Close program
15:51:48.970|Start program
15:51:48.980|Open Administrator UI
15:52:01.094|Load project: ABCd
15:52:03.114|Start Auto Run
15:52:03.114|Close program
15:52:29.335|Start program
15:52:29.345|Open Administrator UI
15:52:35.405|Start Auto Run
15:52:35.405|Close program
15:52:49.270|Start program
15:52:49.280|Open Administrator UI
15:53:01.400|Load project: ABCd
15:53:04.430|Start Auto Run
15:53:04.430|Close program
15:53:52.988|Start program
15:53:52.998|Open Administrator UI
15:54:07.338|Load project: ABCd
15:54:10.418|Start Auto Run
15:54:10.418|Close program
15:54:23.598|Start program
15:54:23.608|Open Administrator UI
15:54:36.738|Load project: ABCd
15:54:54.308|Load project: ABCd
15:55:09.898|Load project: ABCd
15:55:27.428|Load project: ABCd
15:55:44.869|Load project: ABCd
15:56:03.162|Load project: ABCd
15:56:20.391|Load project: ABCd
15:56:46.069|Load project: ABCd
15:56:55.159|Load project: ABCd
15:57:13.647|Load project: ABCd
15:58:45.888|Load project: ABCd
15:59:17.768|Load project: ABCd
16:00:50.510|Load project: ABCd
16:01:18.810|Start Auto Run
16:01:18.810|Close program
16:01:28.068|Start program
16:01:28.078|Open Administrator UI
16:01:42.224|Load project: ABCd
16:02:36.764|Start Auto Run
16:02:36.764|Close program
16:02:45.204|Start program
16:02:45.214|Open Administrator UI
16:02:59.364|Load project: ABCd
16:03:48.853|Start Auto Run
16:03:48.853|Close program
16:09:34.582|Start program
16:09:34.592|Open Administrator UI
16:10:00.852|Start Auto Run
16:10:00.852|Close program
16:25:42.413|Start program
16:25:42.423|Open Administrator UI
16:48:41.113|Load project: ABCd
16:49:14.442|Start Auto Run
16:49:15.452|Close program
16:49:22.295|Start program
16:49:22.305|Open Administrator UI
16:49:33.425|Start Auto Run
16:49:33.425|Close program
16:50:35.186|Start program
16:50:35.196|Open Administrator UI
16:52:09.064|Start program
16:52:12.094|Open Administrator UI
16:52:15.124|Open  UI
16:52:25.274|Start Auto Run
16:52:25.274|Close program
16:52:41.144|Start program
16:52:45.204|Open Operator UI
16:52:50.284|Start Auto Run
16:52:50.284|Close program
16:53:18.694|Start program
16:53:21.734|Open Administrator UI
16:53:24.764|Open Operator UI
16:53:32.838|Open Sen-Ei service UI
16:53:43.933|Open Operator UI
16:54:14.253|Start Auto Run
16:54:14.253|Close program
17:01:32.756|Start program
17:01:35.796|Open Administrator UI
17:01:52.966|Start Auto Run
17:01:52.966|Close program
17:03:09.888|Start program
17:03:12.928|Open Administrator UI
17:03:42.218|Load project: ABCd
17:03:48.338|Start Auto Run
17:03:48.338|Close program
17:06:31.517|Start program
17:06:34.557|Open Administrator UI
17:06:45.667|Start Auto Run
17:06:45.667|Close program
17:07:09.727|Start program
17:07:12.767|Open Administrator UI
17:07:20.847|Start Auto Run
17:07:20.847|Close program
17:08:15.187|Start program
17:08:18.227|Open Administrator UI
17:08:38.427|Load project: ABCd
17:09:28.927|Open Operator UI
17:09:34.984|Open Sen-Ei service UI
17:10:02.246|Draw line: LINE1
17:10:26.486|Start Auto Run
17:10:26.486|Close program
17:10:59.155|Start program
17:11:25.375|Open Administrator UI
17:11:28.405|Open Operator UI
17:11:34.465|Open Sen-Ei service UI
17:12:06.785|Load project: ABCd
17:12:09.815|Draw line: LINE1
17:12:23.955|Start Auto Run
17:12:23.955|Close program
17:12:33.685|Start program
17:13:23.345|Start program
17:17:35.661|Start program
17:17:38.701|Open Administrator UI
17:17:41.731|Open Operator UI
17:17:47.786|Open Sen-Ei service UI
17:17:58.910|Load project: ABCd
17:18:35.260|Draw line: LINE1
17:19:37.721|Start program
17:19:40.761|Open Sen-Ei service UI
17:20:32.469|Start program
17:20:35.509|Open Sen-Ei service UI
17:20:45.619|Load project: ABCd
17:20:51.679|Draw line: LINE1
17:21:17.949|Draw line: LINE1
17:21:33.099|Start Auto Run
17:21:33.099|Close program
17:21:41.412|Start program
17:21:44.452|Open Sen-Ei service UI
17:21:55.562|Load project: ABCd
17:22:04.672|Draw line: LINE1
17:22:15.782|Draw line: LINE1
17:23:20.432|Draw line: LINE1
17:24:04.872|Draw line: LINE1
17:24:33.152|Draw line: LINE1
17:25:12.542|Draw line: LINE1
17:25:47.892|Draw line: LINE1
17:26:11.152|Draw line: LINE1
17:26:26.302|Draw line: LINE1
17:26:35.392|Draw line: LINE1
17:26:49.532|Draw line: LINE1
17:27:10.742|Draw line: LINE1
17:27:41.042|Draw line: LINE1
17:27:57.202|Draw line: LINE1
17:28:05.282|Draw line: LINE1
17:28:37.662|Start Auto Run
17:28:37.662|Close program
