09:34:03.407|Start program
09:34:07.439|Open Sen-Ei service UI
09:34:31.582|Start Auto Run
09:34:31.582|Close program
09:35:27.251|Start program
09:35:30.273|Open Sen-Ei service UI
09:35:47.292|Start Auto Run
09:35:47.292|Close program
09:53:05.905|Start program
09:53:08.916|Open Sen-Ei service UI
09:53:22.944|Load project: ABCd
09:53:33.960|Start Auto Run
09:53:33.960|Close program
09:54:37.329|Start program
09:54:40.341|Open Sen-Ei service UI
09:54:51.357|Load project: ABCd
09:55:06.375|Start Auto Run
09:55:06.375|Close program
10:00:26.270|Start program
10:00:29.282|Open Sen-Ei service UI
10:00:42.348|Load project: ABCd
10:00:57.396|Start Auto Run
10:00:57.396|Close program
10:07:06.408|Start program
10:07:09.429|Open Sen-Ei service UI
10:07:32.491|Start Auto Run
10:07:32.491|Close program
10:08:11.146|Start program
10:08:14.157|Open Sen-Ei service UI
10:08:20.181|Start Auto Run
10:08:20.181|Close program
10:08:59.051|Start program
10:09:02.063|Open Sen-Ei service UI
10:09:07.076|Start Auto Run
10:09:07.076|Close program
[2021-04-19] 10:13:36.649|Start program
[2021-04-19] 10:13:36.659|Login faild
[2021-04-19] 10:13:36.659|Program closed
10:13:57.352|Start program
10:14:00.364|Open Sen-Ei service UI
10:14:13.391|Start Auto Run
10:14:13.391|Close program
10:15:03.827|Start program
10:15:06.839|Open Sen-Ei service UI
10:16:04.880|Start Auto Run
10:16:04.880|Close program
10:24:39.122|Start program
10:24:42.134|Open Sen-Ei service UI
10:25:00.154|Start Auto Run
10:25:00.154|Close program
10:27:38.917|Start program
10:27:41.928|Open Sen-Ei service UI
10:27:55.946|Load project: ABCd
10:29:13.123|Start Auto Run
10:29:13.123|Close program
10:35:20.414|Start program
10:35:23.435|Open Sen-Ei service UI
10:35:34.451|Load project: ABCd
10:35:52.521|Start Auto Run
10:35:52.521|Close program
10:38:24.996|Start program
10:38:28.007|Open Sen-Ei service UI
10:38:38.022|Load project: ABCd
10:40:14.104|Draw line: LINE1 Test
10:40:18.156|Draw line: LINE1 Test
10:40:42.178|Start Auto Run Test
10:40:42.178|Close program
11:03:08.898|Start program
11:03:11.909|Open Sen-Ei service UI
11:03:21.925|Load project: ABCd
11:03:31.019|Start Auto Run
11:03:31.019|Close program
11:03:40.224|Start program
11:03:43.245|Open Sen-Ei service UI
11:03:53.271|Load project: ABCd
11:04:07.723|Start Auto Run
11:04:07.723|Close program
11:04:31.274|Start program
11:04:34.325|Open Sen-Ei service UI
11:05:23.982|Start program
11:05:26.993|Open Sen-Ei service UI
11:05:37.139|Load project: ABCd
11:06:14.456|Start Auto Run
11:06:15.466|Close program
11:06:21.910|Start program
11:06:24.931|Open Sen-Ei service UI
11:06:34.956|Load project: ABCd
11:06:44.982|Start Auto Run
11:06:44.982|Close program
11:06:56.818|Start program
11:06:59.830|Open Sen-Ei service UI
11:07:12.847|Load project: ABCd
11:07:23.872|Start Auto Run
11:07:23.872|Close program
11:07:29.785|Start program
11:07:32.807|Open Sen-Ei service UI
11:07:44.823|Load project: ABCd
11:07:45.834|Open Operator UI
11:07:57.850|Load project: ABCd
11:08:34.890|Start Auto Run
11:08:34.890|Close program
[2021-04-19] 11:10:23.304|Start program
[2021-04-19] 11:10:23.314|Login faild
[2021-04-19] 11:10:23.314|Program closed
11:11:30.760|Start program
11:11:33.782|Open Operator UI
11:11:42.797|Load project: ABCd
11:18:47.459|Start program
11:18:50.471|Open Sen-Ei service UI
11:18:55.483|Open Operator UI
11:19:03.497|Load project: ABCd
11:19:24.529|Start Auto Run
11:19:24.529|Close program
11:20:09.096|Start program
11:20:12.108|Open Sen-Ei service UI
11:20:21.122|Load project: ABCd
11:20:27.146|Open Operator UI
11:20:35.160|Open Sen-Ei service UI
11:20:46.196|Start Auto Run
11:20:46.196|Close program
11:22:44.969|Start program
11:22:47.991|Open Sen-Ei service UI
11:22:57.006|Load project: ABCd
11:23:06.021|Open Operator UI
11:25:59.133|Open Sen-Ei service UI
11:26:07.147|Open Operator UI
11:26:11.159|Open Sen-Ei service UI
11:26:27.178|Open Operator UI
11:29:29.919|Open Sen-Ei service UI
11:30:10.157|Start program
11:30:13.168|Open Sen-Ei service UI
11:30:28.186|Load project: ABCd
11:38:49.466|Start program
11:38:52.478|Open Sen-Ei service UI
11:38:57.490|Start Auto Run
11:38:57.490|Close program
13:13:48.275|Start program
13:13:51.296|Open Sen-Ei service UI
13:14:02.312|Load project: ABCd
13:15:10.227|Start program
13:15:14.289|Open Sen-Ei service UI
13:15:19.302|Load project: ABCd
13:22:35.623|Start program
13:22:38.643|Open Sen-Ei service UI
13:23:16.674|Load project: ABCd
13:24:40.677|Start program
13:24:43.689|Open Sen-Ei service UI
13:24:49.762|Load project: ABCd
13:31:03.729|Start program
13:31:06.740|Open Sen-Ei service UI
13:31:28.332|Load project: ABCd
13:35:07.604|Start Auto Run
13:35:07.604|Close program
13:35:15.087|Start program
13:35:18.119|Open Sen-Ei service UI
13:35:58.172|Load project: ABCd
13:49:55.452|Start Auto Run
13:49:55.452|Close program
13:50:08.115|Start program
13:50:11.135|Open Sen-Ei service UI
13:50:33.507|Load project: ABCd
13:56:59.839|Start Auto Run
13:56:59.839|Close program
