08:44:15.545|Start program
08:44:15.545|Open Administrator UI
08:44:37.885|Load project: ABCd
08:49:50.923|Load project: ABCd
08:49:55.973|Start Auto Run
08:49:55.973|Close program
08:50:03.063|Start program
08:50:03.073|Open Administrator UI
08:50:16.223|Load project: ABCd
08:51:39.562|Start program
08:51:39.572|Open Administrator UI
08:51:52.702|Load project: ABCd
08:53:20.572|Start Auto Run
08:53:20.572|Close program
08:53:38.648|Start program
08:53:38.658|Open Administrator UI
08:53:52.798|Load project: ABCd
09:27:43.069|Load project: ABCd
10:25:54.673|Load project: ABCd
10:28:06.923|Load project: ABCd
10:28:20.053|Load project: ABCd
10:37:06.501|Start program
10:37:06.511|Open Administrator UI
10:37:20.911|Load project: ABCd
10:38:55.206|Start program
10:38:55.216|Open Administrator UI
10:39:07.336|Load project: ABCd
10:45:32.977|Load project: ABCd
10:46:27.517|Load project: ABCd
10:53:35.250|Start program
10:53:35.250|Open Administrator UI
10:53:47.380|Load project: ABCd
10:57:27.833|Start program
10:57:27.833|Open Administrator UI
10:57:40.973|Load project: ABCd
11:00:10.751|Start program
11:00:10.761|Open Administrator UI
11:00:22.881|Load project: ABCd
11:03:33.344|Load project: ABCd
11:10:47.406|Start program
11:10:47.406|Open Administrator UI
11:11:25.786|Load project: ABCd
11:26:25.378|Start program
11:26:25.378|Open Administrator UI
11:26:38.518|Load project: ABCd
11:27:26.458|Load project: ABCd
11:34:25.622|Start program
11:34:25.632|Open Administrator UI
11:34:41.792|Load project: ABCd
13:36:27.365|Start program
13:36:27.375|Open Administrator UI
13:36:42.495|Load project: ABCd
13:36:59.665|Start Auto Run
13:36:59.665|Close program
13:37:34.435|Start program
13:37:34.445|Open Administrator UI
13:37:51.655|Start Auto Run
13:37:51.655|Close program
13:38:12.735|Start program
13:38:12.735|Open Administrator UI
13:55:10.275|Start Auto Run
13:55:10.275|Close program
13:56:44.485|Start program
13:56:44.495|Open Administrator UI
14:09:59.834|Start Auto Run
14:09:59.834|Close program
14:11:49.912|Start program
14:11:49.922|Open Administrator UI
14:14:30.512|Start Auto Run
14:14:30.512|Close program
14:14:52.842|Start program
14:14:52.852|Open Administrator UI
14:19:51.842|Start Auto Run
14:19:51.842|Close program
14:21:01.896|Start program
14:21:01.906|Open Administrator UI
14:24:24.426|Load project: ABCd
14:25:19.976|Draw line: LINE1
14:27:53.484|Load project: ABCd
14:28:27.824|Draw line: LINE1
14:28:52.064|Draw line: LINE1
14:29:22.354|Draw line: LINE1
14:30:03.774|Draw line: LINE1
14:30:30.034|Draw line: LINE1
14:30:51.244|Draw line: LINE1
14:31:41.744|Draw line: LINE1
14:32:13.084|Draw line: LINE1
14:33:35.904|Load project: ABCd
14:34:10.244|Load project: ABCd
14:35:26.064|Draw line: LINE1
14:36:20.594|Draw line: LINE1
14:41:10.414|Start Auto Run
14:41:10.414|Close program
14:41:52.461|Start program
14:41:52.461|Open Administrator UI
14:46:05.900|Start program
14:46:05.900|Open Administrator UI
15:06:40.790|Start program
15:06:40.796|Open Administrator UI
15:13:58.475|Start program
15:13:58.485|Open Administrator UI
15:14:46.965|Start Auto Run
15:14:46.965|Close program
15:20:54.331|Start program
15:20:54.341|Open Administrator UI
15:22:45.911|Load project: ABCd
15:22:47.931|Start Auto Run
15:22:48.941|Close program
15:22:56.691|Start program
15:22:56.701|Open Administrator UI
15:23:27.011|Start Auto Run
15:23:27.011|Close program
15:25:27.088|Start program
15:25:27.098|Open Administrator UI
15:25:53.358|Load project: ABCd
15:25:58.408|Draw line: LINE1
15:27:49.901|Start program
15:27:49.911|Open Administrator UI
15:28:18.191|Load project: ABCd
15:28:25.261|Draw line: LINE1
15:28:50.511|Draw line: LINE1
15:29:09.751|Draw line: LINE1
15:30:29.541|Draw line: LINE1
15:35:53.734|Draw line: LINE1
15:38:22.234|Draw line: LINE1
15:38:54.554|Draw line: LINE1
15:40:10.344|Draw line: LINE2
15:40:50.744|Draw line: LINE2
15:49:54.155|Draw line: LINE1
15:49:57.185|Draw line: LINE2
15:51:27.075|Draw line: LINE1
15:51:30.105|Draw line: LINE2
15:55:04.599|Draw line: LINE1
15:55:09.649|Draw line: LINE2
15:59:24.118|Draw line: LINE1
16:09:46.156|Draw line: LINE1
16:10:14.429|Draw line: LINE1
16:11:13.039|Draw line: LINE1
16:11:28.162|Draw line: LINE1
16:11:36.237|Draw line: LINE1
16:11:39.267|Draw line: LINE1
16:11:44.327|Draw line: LINE1
16:11:47.357|Draw line: LINE1
16:11:52.407|Draw line: LINE1
16:43:51.324|Draw line: LINE2
16:47:04.284|Draw line: LINE2
16:47:22.464|Draw line: LINE2
16:47:52.757|Draw line: LINE2
16:48:20.027|Draw line: LINE2
16:48:34.167|Draw line: LINE2
16:48:42.247|Draw line: LINE2
16:48:50.327|Draw line: LINE2
17:02:14.265|Start Auto Run
17:02:14.265|Close program
