[2021-04-12] 10:06:40.775|Start program
[2021-04-12] 10:06:40.775|Open Administrator UI
10:08:13.936|Start program
10:08:13.936|Open Administrator UI
10:09:20.801|Start program
10:09:20.801|Open Administrator UI
10:14:54.042|Start program
10:14:54.042|Open Administrator UI
10:15:36.675|Start program
10:15:36.675|Open Operator UI
10:16:38.977|Start program
10:16:49.417|Open Operator UI
10:18:40.965|Start program
10:18:40.965|Open Operator UI
10:19:46.059|Start program
10:19:51.439|Open Operator UI
10:20:34.660|Start program
10:20:34.660|Open Operator UI
10:21:22.900|Start program
10:21:22.900|Open Operator UI
10:30:15.139|Start program
10:30:15.139|Open Operator UI
10:30:38.674|Start program
10:30:38.674|Open Sen-Ei service UI
10:32:20.903|Start program
10:32:20.903|Open Administrator UI
[2021-04-12] 10:36:40.063|Start program
[2021-04-12] 10:36:40.063|Login faild
[2021-04-12] 10:36:40.063|Program closed
